"C:/Users/asus/Documents/Unreal Projects/project_tabletop/Content/Geometry/Meshes/CubeMaterial.uasset" 0
"C:/Users/asus/Documents/Unreal Projects/project_tabletop/Content/Geometry/Meshes/CubeMaterial.uexp" 1
"C:/Users/asus/Documents/Unreal Projects/project_tabletop/Content/Geometry/Meshes/1M_Cube.uasset" 2
"C:/Users/asus/Documents/Unreal Projects/project_tabletop/Content/Geometry/Meshes/1M_Cube.uexp" 3
"C:/Users/asus/Documents/Unreal Projects/project_tabletop/Content/Geometry/Meshes/1M_Cube_Chamfer.uasset" 4
"C:/Users/asus/Documents/Unreal Projects/project_tabletop/Content/Geometry/Meshes/1M_Cube_Chamfer.uexp" 5
"C:/Users/asus/Documents/Unreal Projects/project_tabletop/Content/Geometry/Meshes/TemplateFloor.uasset" 6
"C:/Users/asus/Documents/Unreal Projects/project_tabletop/Content/Geometry/Meshes/TemplateFloor.uexp" 7
"C:/Users/asus/Documents/Unreal Projects/project_tabletop/Content/Mannequin/Character/Mesh/UE4_Mannequin_Skeleton.uasset" 8
"C:/Users/asus/Documents/Unreal Projects/project_tabletop/Content/Mannequin/Character/Mesh/UE4_Mannequin_Skeleton.uexp" 9
"C:/Users/asus/Documents/Unreal Projects/project_tabletop/Content/Mannequin/Animations/ThirdPersonJump_End.uasset" 10
"C:/Users/asus/Documents/Unreal Projects/project_tabletop/Content/Mannequin/Animations/ThirdPersonJump_End.uexp" 11
"C:/Users/asus/Documents/Unreal Projects/project_tabletop/Content/Mannequin/Character/Mesh/SK_Mannequin_Female_PhysicsAsset.uasset" 12
"C:/Users/asus/Documents/Unreal Projects/project_tabletop/Content/Mannequin/Character/Mesh/SK_Mannequin_Female_PhysicsAsset.uexp" 13
"C:/Users/asus/Documents/Unreal Projects/project_tabletop/Content/Mannequin/Character/Textures/T_UE4Logo_N.uasset" 14
"C:/Users/asus/Documents/Unreal Projects/project_tabletop/Content/Mannequin/Character/Textures/T_UE4Logo_N.uexp" 15
"C:/Users/asus/Documents/Unreal Projects/project_tabletop/Content/Mannequin/Character/Textures/T_UE4Logo_N.ubulk" 16
"C:/Users/asus/Documents/Unreal Projects/project_tabletop/Content/Mannequin/Character/Textures/T_UE4Logo_Mask.uasset" 17
"C:/Users/asus/Documents/Unreal Projects/project_tabletop/Content/Mannequin/Character/Textures/T_UE4Logo_Mask.uexp" 18
"C:/Users/asus/Documents/Unreal Projects/project_tabletop/Content/Mannequin/Character/Textures/T_UE4Logo_Mask.ubulk" 19
"C:/Users/asus/Documents/Unreal Projects/project_tabletop/Content/Mannequin/Character/Textures/T_Male_N.uasset" 20
"C:/Users/asus/Documents/Unreal Projects/project_tabletop/Content/Mannequin/Character/Textures/T_Male_N.uexp" 21
"C:/Users/asus/Documents/Unreal Projects/project_tabletop/Content/Mannequin/Character/Textures/T_Male_N.ubulk" 22
"C:/Users/asus/Documents/Unreal Projects/project_tabletop/Content/Mannequin/Character/Textures/T_Male_Mask.uasset" 23
"C:/Users/asus/Documents/Unreal Projects/project_tabletop/Content/Mannequin/Character/Textures/T_Male_Mask.uexp" 24
"C:/Users/asus/Documents/Unreal Projects/project_tabletop/Content/Mannequin/Character/Textures/T_Male_Mask.ubulk" 25
"C:/Users/asus/Documents/Unreal Projects/project_tabletop/Content/Mannequin/Character/Materials/MaterialLayers/T_ML_Rubber_Blue_01_N.uasset" 26
"C:/Users/asus/Documents/Unreal Projects/project_tabletop/Content/Mannequin/Character/Materials/MaterialLayers/T_ML_Rubber_Blue_01_N.uexp" 27
"C:/Users/asus/Documents/Unreal Projects/project_tabletop/Content/Mannequin/Character/Materials/MaterialLayers/T_ML_Rubber_Blue_01_N.ubulk" 28
"C:/Users/asus/Documents/Unreal Projects/project_tabletop/Content/Mannequin/Character/Materials/MaterialLayers/T_ML_Rubber_Blue_01_D.uasset" 29
"C:/Users/asus/Documents/Unreal Projects/project_tabletop/Content/Mannequin/Character/Materials/MaterialLayers/T_ML_Rubber_Blue_01_D.uexp" 30
"C:/Users/asus/Documents/Unreal Projects/project_tabletop/Content/Mannequin/Character/Materials/MaterialLayers/T_ML_Rubber_Blue_01_D.ubulk" 31
"C:/Users/asus/Documents/Unreal Projects/project_tabletop/Content/Mannequin/Character/Materials/MaterialLayers/T_ML_Aluminum01_N.uasset" 32
"C:/Users/asus/Documents/Unreal Projects/project_tabletop/Content/Mannequin/Character/Materials/MaterialLayers/T_ML_Aluminum01_N.uexp" 33
"C:/Users/asus/Documents/Unreal Projects/project_tabletop/Content/Mannequin/Character/Materials/MaterialLayers/T_ML_Aluminum01_N.ubulk" 34
"C:/Users/asus/Documents/Unreal Projects/project_tabletop/Content/Mannequin/Character/Materials/MaterialLayers/T_ML_Aluminum01.uasset" 35
"C:/Users/asus/Documents/Unreal Projects/project_tabletop/Content/Mannequin/Character/Materials/MaterialLayers/T_ML_Aluminum01.uexp" 36
"C:/Users/asus/Documents/Unreal Projects/project_tabletop/Content/Mannequin/Character/Materials/MaterialLayers/T_ML_Aluminum01.ubulk" 37
"C:/Users/asus/Documents/Unreal Projects/project_tabletop/Content/Mannequin/Character/Materials/MaterialLayers/ML_SoftMetal_UE4.uasset" 38
"C:/Users/asus/Documents/Unreal Projects/project_tabletop/Content/Mannequin/Character/Materials/MaterialLayers/ML_SoftMetal_UE4.uexp" 39
"C:/Users/asus/Documents/Unreal Projects/project_tabletop/Content/Mannequin/Character/Materials/MaterialLayers/ML_Plastic_Shiny_Beige_LOGO.uasset" 40
"C:/Users/asus/Documents/Unreal Projects/project_tabletop/Content/Mannequin/Character/Materials/MaterialLayers/ML_Plastic_Shiny_Beige_LOGO.uexp" 41
"C:/Users/asus/Documents/Unreal Projects/project_tabletop/Content/Mannequin/Character/Materials/MaterialLayers/ML_Plastic_Shiny_Beige.uasset" 42
"C:/Users/asus/Documents/Unreal Projects/project_tabletop/Content/Mannequin/Character/Materials/MaterialLayers/ML_Plastic_Shiny_Beige.uexp" 43
"C:/Users/asus/Documents/Unreal Projects/project_tabletop/Content/Mannequin/Character/Materials/MaterialLayers/ML_GlossyBlack_Latex_UE4.uasset" 44
"C:/Users/asus/Documents/Unreal Projects/project_tabletop/Content/Mannequin/Character/Materials/MaterialLayers/ML_GlossyBlack_Latex_UE4.uexp" 45
"../../../Engine/Content/Functions/MaterialLayerFunctions/MatLayerBlend_Simple.uasset" 46
"../../../Engine/Content/Functions/MaterialLayerFunctions/MatLayerBlend_Simple.uexp" 47
"../../../Engine/Content/Functions/Engine_MaterialFunctions02/Utility/BlendAngleCorrectedNormals.uasset" 48
"../../../Engine/Content/Functions/Engine_MaterialFunctions02/Utility/BlendAngleCorrectedNormals.uexp" 49
"../../../Engine/Content/Functions/MaterialLayerFunctions/MatLayerBlend_NormalBlend.uasset" 50
"../../../Engine/Content/Functions/MaterialLayerFunctions/MatLayerBlend_NormalBlend.uexp" 51
"C:/Users/asus/Documents/Unreal Projects/project_tabletop/Content/Mannequin/Character/Materials/M_Male_Body.uasset" 52
"C:/Users/asus/Documents/Unreal Projects/project_tabletop/Content/Mannequin/Character/Materials/M_Male_Body.uexp" 53
"C:/Users/asus/Documents/Unreal Projects/project_tabletop/Content/Mannequin/Character/Materials/M_UE4Man_ChestLogo.uasset" 54
"C:/Users/asus/Documents/Unreal Projects/project_tabletop/Content/Mannequin/Character/Materials/M_UE4Man_ChestLogo.uexp" 55
"C:/Users/asus/Documents/Unreal Projects/project_tabletop/Content/Mannequin/Character/Textures/T_Female_N.uasset" 56
"C:/Users/asus/Documents/Unreal Projects/project_tabletop/Content/Mannequin/Character/Textures/T_Female_N.uexp" 57
"C:/Users/asus/Documents/Unreal Projects/project_tabletop/Content/Mannequin/Character/Textures/T_Female_N.ubulk" 58
"C:/Users/asus/Documents/Unreal Projects/project_tabletop/Content/Mannequin/Character/Textures/T_Female_Mask.uasset" 59
"C:/Users/asus/Documents/Unreal Projects/project_tabletop/Content/Mannequin/Character/Textures/T_Female_Mask.uexp" 60
"C:/Users/asus/Documents/Unreal Projects/project_tabletop/Content/Mannequin/Character/Textures/T_Female_Mask.ubulk" 61
"C:/Users/asus/Documents/Unreal Projects/project_tabletop/Content/Mannequin/Character/Materials/MI_Female_Body.uasset" 62
"C:/Users/asus/Documents/Unreal Projects/project_tabletop/Content/Mannequin/Character/Materials/MI_Female_Body.uexp" 63
"C:/Users/asus/Documents/Unreal Projects/project_tabletop/Content/Mannequin/Character/Mesh/SK_Mannequin_Female.uasset" 64
"C:/Users/asus/Documents/Unreal Projects/project_tabletop/Content/Mannequin/Character/Mesh/SK_Mannequin_Female.uexp" 65
"C:/Users/asus/Documents/Unreal Projects/project_tabletop/Content/TopDownBP/Blueprints/BP_GameInstance.uasset" 66
"C:/Users/asus/Documents/Unreal Projects/project_tabletop/Content/TopDownBP/Blueprints/BP_GameInstance.uexp" 67
"../../../Engine/Content/BasicShapes/BasicShapeMaterial.uasset" 68
"../../../Engine/Content/BasicShapes/BasicShapeMaterial.uexp" 69
"C:/Users/asus/Documents/Unreal Projects/project_tabletop/Content/TopDownBP/Blueprints/Tiles/collapsable_corner.uasset" 70
"C:/Users/asus/Documents/Unreal Projects/project_tabletop/Content/TopDownBP/Blueprints/Tiles/collapsable_corner.uexp" 71
"C:/Users/asus/Documents/Unreal Projects/project_tabletop/Content/TopDownBP/Blueprints/Controllers/Camera_Curve.uasset" 72
"C:/Users/asus/Documents/Unreal Projects/project_tabletop/Content/TopDownBP/Blueprints/Controllers/Camera_Curve.uexp" 73
"C:/Users/asus/Documents/Unreal Projects/project_tabletop/Content/TopDownBP/Blueprints/Widgets/HUD_Ready.uasset" 74
"C:/Users/asus/Documents/Unreal Projects/project_tabletop/Content/TopDownBP/Blueprints/Widgets/HUD_Ready.uexp" 75
"C:/Users/asus/Documents/Unreal Projects/project_tabletop/Content/TopDownBP/Blueprints/Controllers/BP_AIController.uasset" 76
"C:/Users/asus/Documents/Unreal Projects/project_tabletop/Content/TopDownBP/Blueprints/Controllers/BP_AIController.uexp" 77
"C:/Users/asus/Documents/Unreal Projects/project_tabletop/Content/TopDownBP/Blueprints/Widgets/HUD_WalkSprint.uasset" 78
"C:/Users/asus/Documents/Unreal Projects/project_tabletop/Content/TopDownBP/Blueprints/Widgets/HUD_WalkSprint.uexp" 79
"C:/Users/asus/Documents/Unreal Projects/project_tabletop/Content/TopDownBP/Blueprints/Widgets/HUD_Walk.uasset" 80
"C:/Users/asus/Documents/Unreal Projects/project_tabletop/Content/TopDownBP/Blueprints/Widgets/HUD_Walk.uexp" 81
"C:/Users/asus/Documents/Unreal Projects/project_tabletop/Content/TopDownBP/Blueprints/Widgets/HUD_Run.uasset" 82
"C:/Users/asus/Documents/Unreal Projects/project_tabletop/Content/TopDownBP/Blueprints/Widgets/HUD_Run.uexp" 83
"../../../Engine/Content/EditorBlueprintResources/StandardMacros.uasset" 84
"../../../Engine/Content/EditorBlueprintResources/StandardMacros.uexp" 85
"C:/Users/asus/Documents/Unreal Projects/project_tabletop/Content/TopDownBP/Blueprints/Widgets/HUD_ManaZon.uasset" 86
"C:/Users/asus/Documents/Unreal Projects/project_tabletop/Content/TopDownBP/Blueprints/Widgets/HUD_ManaZon.uexp" 87
"C:/Users/asus/Documents/Unreal Projects/project_tabletop/Content/TopDownBP/Blueprints/Widgets/HUD_LookoutExplore.uasset" 88
"C:/Users/asus/Documents/Unreal Projects/project_tabletop/Content/TopDownBP/Blueprints/Widgets/HUD_LookoutExplore.uexp" 89
"C:/Users/asus/Documents/Unreal Projects/project_tabletop/Content/TopDownBP/Blueprints/Widgets/HUD_Collapsable.uasset" 90
"C:/Users/asus/Documents/Unreal Projects/project_tabletop/Content/TopDownBP/Blueprints/Widgets/HUD_Collapsable.uexp" 91
"C:/Users/asus/Documents/Unreal Projects/project_tabletop/Content/TopDownBP/Blueprints/Tiles/tile_mesh.uasset" 92
"C:/Users/asus/Documents/Unreal Projects/project_tabletop/Content/TopDownBP/Blueprints/Tiles/tile_mesh.uexp" 93
"C:/Users/asus/Documents/Unreal Projects/project_tabletop/Content/TopDownBP/Blueprints/Tiles/mana_zone_m.uasset" 94
"C:/Users/asus/Documents/Unreal Projects/project_tabletop/Content/TopDownBP/Blueprints/Tiles/mana_zone_m.uexp" 95
"C:/Users/asus/Documents/Unreal Projects/project_tabletop/Content/TopDownBP/Blueprints/Tiles/BP_Tile.uasset" 96
"C:/Users/asus/Documents/Unreal Projects/project_tabletop/Content/TopDownBP/Blueprints/Tiles/BP_Tile.uexp" 97
"C:/Users/asus/Documents/Unreal Projects/project_tabletop/Content/Mannequin/Character/Mesh/SK_Mannequin_PhysicsAsset.uasset" 98
"C:/Users/asus/Documents/Unreal Projects/project_tabletop/Content/Mannequin/Character/Mesh/SK_Mannequin_PhysicsAsset.uexp" 99
"C:/Users/asus/Documents/Unreal Projects/project_tabletop/Content/Mannequin/Character/Mesh/SK_Mannequin.uasset" 100
"C:/Users/asus/Documents/Unreal Projects/project_tabletop/Content/Mannequin/Character/Mesh/SK_Mannequin.uexp" 101
"C:/Users/asus/Documents/Unreal Projects/project_tabletop/Content/Mannequin/Animations/ThirdPersonWalk.uasset" 102
"C:/Users/asus/Documents/Unreal Projects/project_tabletop/Content/Mannequin/Animations/ThirdPersonWalk.uexp" 103
"C:/Users/asus/Documents/Unreal Projects/project_tabletop/Content/Mannequin/Animations/ThirdPersonRun.uasset" 104
"C:/Users/asus/Documents/Unreal Projects/project_tabletop/Content/Mannequin/Animations/ThirdPersonRun.uexp" 105
"C:/Users/asus/Documents/Unreal Projects/project_tabletop/Content/Mannequin/Animations/ThirdPersonIdle.uasset" 106
"C:/Users/asus/Documents/Unreal Projects/project_tabletop/Content/Mannequin/Animations/ThirdPersonIdle.uexp" 107
"C:/Users/asus/Documents/Unreal Projects/project_tabletop/Content/Mannequin/Animations/ThirdPerson_IdleRun_2D.uasset" 108
"C:/Users/asus/Documents/Unreal Projects/project_tabletop/Content/Mannequin/Animations/ThirdPerson_IdleRun_2D.uexp" 109
"C:/Users/asus/Documents/Unreal Projects/project_tabletop/Content/Mannequin/Animations/ThirdPerson_Jump.uasset" 110
"C:/Users/asus/Documents/Unreal Projects/project_tabletop/Content/Mannequin/Animations/ThirdPerson_Jump.uexp" 111
"C:/Users/asus/Documents/Unreal Projects/project_tabletop/Content/Mannequin/Animations/ThirdPersonJump_Start.uasset" 112
"C:/Users/asus/Documents/Unreal Projects/project_tabletop/Content/Mannequin/Animations/ThirdPersonJump_Start.uexp" 113
"C:/Users/asus/Documents/Unreal Projects/project_tabletop/Content/Mannequin/Animations/ThirdPersonJump_Loop.uasset" 114
"C:/Users/asus/Documents/Unreal Projects/project_tabletop/Content/Mannequin/Animations/ThirdPersonJump_Loop.uexp" 115
"C:/Users/asus/Documents/Unreal Projects/project_tabletop/Content/Mannequin/Animations/ThirdPerson_AnimBP.uasset" 116
"C:/Users/asus/Documents/Unreal Projects/project_tabletop/Content/Mannequin/Animations/ThirdPerson_AnimBP.uexp" 117
"C:/Users/asus/Documents/Unreal Projects/project_tabletop/Content/TopDownBP/Blueprints/Characters/BP_NightmarePawn.uasset" 118
"C:/Users/asus/Documents/Unreal Projects/project_tabletop/Content/TopDownBP/Blueprints/Characters/BP_NightmarePawn.uexp" 119
"C:/Users/asus/Documents/Unreal Projects/project_tabletop/Content/TopDownBP/Blueprints/Widgets/HUD_KillNightmare.uasset" 120
"C:/Users/asus/Documents/Unreal Projects/project_tabletop/Content/TopDownBP/Blueprints/Widgets/HUD_KillNightmare.uexp" 121
"C:/Users/asus/Documents/Unreal Projects/project_tabletop/Content/TopDownBP/Blueprints/Characters/BP_PlayerCharacter.uasset" 122
"C:/Users/asus/Documents/Unreal Projects/project_tabletop/Content/TopDownBP/Blueprints/Characters/BP_PlayerCharacter.uexp" 123
"C:/Users/asus/Documents/Unreal Projects/project_tabletop/Content/TopDownBP/Blueprints/Widgets/HUD_ReviveHeal.uasset" 124
"C:/Users/asus/Documents/Unreal Projects/project_tabletop/Content/TopDownBP/Blueprints/Widgets/HUD_ReviveHeal.uexp" 125
"C:/Users/asus/Documents/Unreal Projects/project_tabletop/Content/TopDownBP/Blueprints/Characters/AIPawn.uasset" 126
"C:/Users/asus/Documents/Unreal Projects/project_tabletop/Content/TopDownBP/Blueprints/Characters/AIPawn.uexp" 127
"C:/Users/asus/Documents/Unreal Projects/project_tabletop/Content/TopDownBP/Blueprints/Tiles/four_road.uasset" 128
"C:/Users/asus/Documents/Unreal Projects/project_tabletop/Content/TopDownBP/Blueprints/Tiles/four_road.uexp" 129
"C:/Users/asus/Documents/Unreal Projects/project_tabletop/Content/TopDownBP/Blueprints/Controllers/BP_PlayerController.uasset" 130
"C:/Users/asus/Documents/Unreal Projects/project_tabletop/Content/TopDownBP/Blueprints/Controllers/BP_PlayerController.uexp" 131
"C:/Users/asus/Documents/Unreal Projects/project_tabletop/Content/TopDownBP/Blueprints/Widgets/HUD_Timer.uasset" 132
"C:/Users/asus/Documents/Unreal Projects/project_tabletop/Content/TopDownBP/Blueprints/Widgets/HUD_Timer.uexp" 133
"C:/Users/asus/Documents/Unreal Projects/project_tabletop/Content/TopDownBP/Blueprints/BP_GameMode.uasset" 134
"C:/Users/asus/Documents/Unreal Projects/project_tabletop/Content/TopDownBP/Blueprints/BP_GameMode.uexp" 135
"C:/Users/asus/Documents/Unreal Projects/project_tabletop/Content/TopDownBP/Blueprints/Widgets/HUD_SelectChar.uasset" 136
"C:/Users/asus/Documents/Unreal Projects/project_tabletop/Content/TopDownBP/Blueprints/Widgets/HUD_SelectChar.uexp" 137
"C:/Users/asus/Documents/Unreal Projects/project_tabletop/Content/TopDownBP/Blueprints/Widgets/HUD_PauseMenu.uasset" 138
"C:/Users/asus/Documents/Unreal Projects/project_tabletop/Content/TopDownBP/Blueprints/Widgets/HUD_PauseMenu.uexp" 139
"C:/Users/asus/Documents/Unreal Projects/project_tabletop/Content/TopDownBP/Blueprints/Tiles/three_way.uasset" 140
"C:/Users/asus/Documents/Unreal Projects/project_tabletop/Content/TopDownBP/Blueprints/Tiles/three_way.uexp" 141
"C:/Users/asus/Documents/Unreal Projects/project_tabletop/Content/TopDownBP/Blueprints/Tiles/manazone_threeway.uasset" 142
"C:/Users/asus/Documents/Unreal Projects/project_tabletop/Content/TopDownBP/Blueprints/Tiles/manazone_threeway.uexp" 143
"C:/Users/asus/Documents/Unreal Projects/project_tabletop/Content/TopDownBP/Blueprints/Tiles/manazone_fourroad.uasset" 144
"C:/Users/asus/Documents/Unreal Projects/project_tabletop/Content/TopDownBP/Blueprints/Tiles/manazone_fourroad.uexp" 145
"C:/Users/asus/Documents/Unreal Projects/project_tabletop/Content/TopDownBP/Blueprints/Tiles/manazone_corridor.uasset" 146
"C:/Users/asus/Documents/Unreal Projects/project_tabletop/Content/TopDownBP/Blueprints/Tiles/manazone_corridor.uexp" 147
"C:/Users/asus/Documents/Unreal Projects/project_tabletop/Content/TopDownBP/Blueprints/Tiles/lairtile_deadend.uasset" 148
"C:/Users/asus/Documents/Unreal Projects/project_tabletop/Content/TopDownBP/Blueprints/Tiles/lairtile_deadend.uexp" 149
"C:/Users/asus/Documents/Unreal Projects/project_tabletop/Content/TopDownBP/Blueprints/Tiles/lairtile_corner.uasset" 150
"C:/Users/asus/Documents/Unreal Projects/project_tabletop/Content/TopDownBP/Blueprints/Tiles/lairtile_corner.uexp" 151
"C:/Users/asus/Documents/Unreal Projects/project_tabletop/Content/TopDownBP/Blueprints/Tiles/end_tile.uasset" 152
"C:/Users/asus/Documents/Unreal Projects/project_tabletop/Content/TopDownBP/Blueprints/Tiles/end_tile.uexp" 153
"C:/Users/asus/Documents/Unreal Projects/project_tabletop/Content/TopDownBP/Blueprints/Tiles/dead_end.uasset" 154
"C:/Users/asus/Documents/Unreal Projects/project_tabletop/Content/TopDownBP/Blueprints/Tiles/dead_end.uexp" 155
"C:/Users/asus/Documents/Unreal Projects/project_tabletop/Content/TopDownBP/Blueprints/Tiles/corridor.uasset" 156
"C:/Users/asus/Documents/Unreal Projects/project_tabletop/Content/TopDownBP/Blueprints/Tiles/corridor.uexp" 157
"C:/Users/asus/Documents/Unreal Projects/project_tabletop/Content/TopDownBP/Blueprints/Tiles/corner.uasset" 158
"C:/Users/asus/Documents/Unreal Projects/project_tabletop/Content/TopDownBP/Blueprints/Tiles/corner.uexp" 159
"C:/Users/asus/Documents/Unreal Projects/project_tabletop/Content/TopDownBP/Blueprints/Tiles/collapsable_threeway.uasset" 160
"C:/Users/asus/Documents/Unreal Projects/project_tabletop/Content/TopDownBP/Blueprints/Tiles/collapsable_threeway.uexp" 161
"C:/Users/asus/Documents/Unreal Projects/project_tabletop/Content/TopDownBP/Blueprints/Tiles/collapsable_fourroad.uasset" 162
"C:/Users/asus/Documents/Unreal Projects/project_tabletop/Content/TopDownBP/Blueprints/Tiles/collapsable_fourroad.uexp" 163
"C:/Users/asus/Documents/Unreal Projects/project_tabletop/Content/TopDownBP/Blueprints/Controllers/BP_PlayerCameraPawn.uasset" 164
"C:/Users/asus/Documents/Unreal Projects/project_tabletop/Content/TopDownBP/Blueprints/Controllers/BP_PlayerCameraPawn.uexp" 165
"../../../Engine/Content/Functions/Engine_MaterialFunctions02/Utility/MakeFloat4.uasset" 166
"../../../Engine/Content/Functions/Engine_MaterialFunctions02/Utility/MakeFloat4.uexp" 167
"C:/Users/asus/Documents/Unreal Projects/project_tabletop/Content/TopDownBP/Blueprints/Tiles/Highlight_M.uasset" 168
"C:/Users/asus/Documents/Unreal Projects/project_tabletop/Content/TopDownBP/Blueprints/Tiles/Highlight_M.uexp" 169
"C:/Users/asus/Documents/Unreal Projects/project_tabletop/Content/TopDownBP/Blueprints/Tiles/Highlight_M_Inst.uasset" 170
"C:/Users/asus/Documents/Unreal Projects/project_tabletop/Content/TopDownBP/Blueprints/Tiles/Highlight_M_Inst.uexp" 171
"C:/Users/asus/Documents/Unreal Projects/project_tabletop/Content/TopDownBP/Blueprints/Widgets/HUD_Lobby.uasset" 172
"C:/Users/asus/Documents/Unreal Projects/project_tabletop/Content/TopDownBP/Blueprints/Widgets/HUD_Lobby.uexp" 173
"../../../Engine/Content/Animation/DefaultAnimBoneCompressionSettings.uasset" 174
"../../../Engine/Content/Animation/DefaultAnimBoneCompressionSettings.uexp" 175
"../../../Engine/Content/Animation/DefaultAnimCurveCompressionSettings.uasset" 176
"../../../Engine/Content/Animation/DefaultAnimCurveCompressionSettings.uexp" 177
"../../../Engine/Content/EngineMaterials/T_Default_Material_Grid_N.uasset" 178
"../../../Engine/Content/EngineMaterials/T_Default_Material_Grid_N.uexp" 179
"../../../Engine/Content/EngineMaterials/T_Default_Material_Grid_N.ubulk" 180
"../../../Engine/Content/EngineMaterials/T_Default_Material_Grid_M.uasset" 181
"../../../Engine/Content/EngineMaterials/T_Default_Material_Grid_M.uexp" 182
"../../../Engine/Content/EngineMaterials/T_Default_Material_Grid_M.ubulk" 183
"../../../Engine/Content/Functions/Engine_MaterialFunctions01/Opacity/CameraDepthFade.uasset" 184
"../../../Engine/Content/Functions/Engine_MaterialFunctions01/Opacity/CameraDepthFade.uexp" 185
"../../../Engine/Content/EngineMaterials/WorldGridMaterial.uasset" 186
"../../../Engine/Content/EngineMaterials/WorldGridMaterial.uexp" 187
"../../../Engine/Content/ArtTools/RenderToTexture/Meshes/S_1_Unit_Plane.uasset" 188
"../../../Engine/Content/ArtTools/RenderToTexture/Meshes/S_1_Unit_Plane.uexp" 189
"../../../Engine/Content/EngineMaterials/DefaultMaterial.uasset" 190
"../../../Engine/Content/EngineMaterials/DefaultMaterial.uexp" 191
"../../../Engine/Content/BasicShapes/Cone.uasset" 192
"../../../Engine/Content/BasicShapes/Cone.uexp" 193
"../../../Engine/Content/BasicShapes/Cube.uasset" 194
"../../../Engine/Content/BasicShapes/Cube.uexp" 195
"../../../Engine/Content/BasicShapes/Plane.uasset" 196
"../../../Engine/Content/BasicShapes/Plane.uexp" 197
"../../../Engine/Content/BasicShapes/Sphere.uasset" 198
"../../../Engine/Content/BasicShapes/Sphere.uexp" 199
"../../../Engine/Content/EditorLandscapeResources/DataLayer.uasset" 200
"../../../Engine/Content/EditorLandscapeResources/DataLayer.uexp" 201
"../../../Engine/Content/EditorLandscapeResources/DefaultAlphaTexture.uasset" 202
"../../../Engine/Content/EditorLandscapeResources/DefaultAlphaTexture.uexp" 203
"../../../Engine/Content/EditorMaterials/MAT_Groups_Toggle.uasset" 204
"../../../Engine/Content/EditorMaterials/MAT_Groups_Toggle.uexp" 205
"../../../Engine/Content/EditorMaterials/MAT_Groups_Visibility.uasset" 206
"../../../Engine/Content/EditorMaterials/MAT_Groups_Visibility.uexp" 207
"../../../Engine/Content/EditorMaterials/PreviewShadowIndicator.uasset" 208
"../../../Engine/Content/EditorMaterials/PreviewShadowIndicator.uexp" 209
"../../../Engine/Content/EditorMaterials/PreviewShadowIndicator.ubulk" 210
"../../../Engine/Content/EditorMaterials/PreviewShadowIndicatorMaterial.uasset" 211
"../../../Engine/Content/EditorMaterials/PreviewShadowIndicatorMaterial.uexp" 212
"../../../Engine/Content/EditorMaterials/MatineeGroups/MAT_ColorTrack.uasset" 213
"../../../Engine/Content/EditorMaterials/MatineeGroups/MAT_ColorTrack.uexp" 214
"../../../Engine/Content/EditorMaterials/MatineeGroups/MAT_Groups_Anim.uasset" 215
"../../../Engine/Content/EditorMaterials/MatineeGroups/MAT_Groups_Anim.uexp" 216
"../../../Engine/Content/EditorMaterials/MatineeGroups/MAT_Groups_AudioMaster.uasset" 217
"../../../Engine/Content/EditorMaterials/MatineeGroups/MAT_Groups_AudioMaster.uexp" 218
"../../../Engine/Content/EditorMaterials/MatineeGroups/MAT_Groups_Director.uasset" 219
"../../../Engine/Content/EditorMaterials/MatineeGroups/MAT_Groups_Director.uexp" 220
"../../../Engine/Content/EditorMaterials/MatineeGroups/MAT_Groups_Event.uasset" 221
"../../../Engine/Content/EditorMaterials/MatineeGroups/MAT_Groups_Event.uexp" 222
"../../../Engine/Content/EditorMaterials/MatineeGroups/MAT_Groups_Fade.uasset" 223
"../../../Engine/Content/EditorMaterials/MatineeGroups/MAT_Groups_Fade.uexp" 224
"../../../Engine/Content/EditorMaterials/MatineeGroups/MAT_Groups_Float.uasset" 225
"../../../Engine/Content/EditorMaterials/MatineeGroups/MAT_Groups_Float.uexp" 226
"../../../Engine/Content/EditorMaterials/MatineeGroups/MAT_Groups_Move.uasset" 227
"../../../Engine/Content/EditorMaterials/MatineeGroups/MAT_Groups_Move.uexp" 228
"../../../Engine/Content/EditorMaterials/MatineeGroups/MAT_Groups_Slomo.uasset" 229
"../../../Engine/Content/EditorMaterials/MatineeGroups/MAT_Groups_Slomo.uexp" 230
"../../../Engine/Content/EditorMaterials/MatineeGroups/MAT_Groups_Sound.uasset" 231
"../../../Engine/Content/EditorMaterials/MatineeGroups/MAT_Groups_Sound.uexp" 232
"../../../Engine/Content/EditorMaterials/MatineeGroups/MAT_Groups_Vector.uasset" 233
"../../../Engine/Content/EditorMaterials/MatineeGroups/MAT_Groups_Vector.uexp" 234
"../../../Engine/Content/EditorMaterials/ParticleSystems/PSysThumbnail_NoImage.uasset" 235
"../../../Engine/Content/EditorMaterials/ParticleSystems/PSysThumbnail_NoImage.uexp" 236
"../../../Engine/Content/EditorMaterials/ParticleSystems/PSysThumbnail_NoImage.ubulk" 237
"../../../Engine/Content/EditorMaterials/ParticleSystems/PSysThumbnail_OOD.uasset" 238
"../../../Engine/Content/EditorMaterials/ParticleSystems/PSysThumbnail_OOD.uexp" 239
"../../../Engine/Content/EditorMaterials/ParticleSystems/PSysThumbnail_OOD.ubulk" 240
"../../../Engine/Content/EditorMaterials/Camera/CineMat.uasset" 241
"../../../Engine/Content/EditorMaterials/Camera/CineMat.uexp" 242
"../../../Engine/Content/EditorMaterials/Camera/MI_CineMat_Rig.uasset" 243
"../../../Engine/Content/EditorMaterials/Camera/MI_CineMat_Rig.uexp" 244
"../../../Engine/Content/EditorMeshes/Camera/SM_CraneRig_Arm.uasset" 245
"../../../Engine/Content/EditorMeshes/Camera/SM_CraneRig_Arm.uexp" 246
"../../../Engine/Content/EditorMeshes/Camera/SM_CraneRig_Base.uasset" 247
"../../../Engine/Content/EditorMeshes/Camera/SM_CraneRig_Base.uexp" 248
"../../../Engine/Content/EditorMeshes/Camera/SM_CraneRig_Body.uasset" 249
"../../../Engine/Content/EditorMeshes/Camera/SM_CraneRig_Body.uexp" 250
"../../../Engine/Content/EditorMeshes/Camera/SM_CraneRig_Mount.uasset" 251
"../../../Engine/Content/EditorMeshes/Camera/SM_CraneRig_Mount.uexp" 252
"../../../Engine/Content/EditorMeshes/Camera/SM_RailRig_Mount.uasset" 253
"../../../Engine/Content/EditorMeshes/Camera/SM_RailRig_Mount.uexp" 254
"../../../Engine/Content/EditorMeshes/Camera/SM_RailRig_Track.uasset" 255
"../../../Engine/Content/EditorMeshes/Camera/SM_RailRig_Track.uexp" 256
"../../../Engine/Content/EditorResources/BSPVertex.uasset" 257
"../../../Engine/Content/EditorResources/BSPVertex.uexp" 258
"../../../Engine/Content/EditorResources/EmptyActor.uasset" 259
"../../../Engine/Content/EditorResources/EmptyActor.uexp" 260
"../../../Engine/Content/EditorResources/S_Actor.uasset" 261
"../../../Engine/Content/EditorResources/S_Actor.uexp" 262
"../../../Engine/Content/EditorResources/S_Actor.ubulk" 263
"../../../Engine/Content/EditorResources/S_Note.uasset" 264
"../../../Engine/Content/EditorResources/S_Note.uexp" 265
"../../../Engine/Content/EditorResources/S_Note.ubulk" 266
"../../../Engine/Content/EditorResources/S_Solver.uasset" 267
"../../../Engine/Content/EditorResources/S_Solver.uexp" 268
"../../../Engine/Content/EditorResources/S_Solver.ubulk" 269
"../../../Engine/Content/EditorResources/S_Terrain.uasset" 270
"../../../Engine/Content/EditorResources/S_Terrain.uexp" 271
"../../../Engine/Content/EditorResources/S_Terrain.ubulk" 272
"../../../Engine/Content/EditorResources/S_Trigger.uasset" 273
"../../../Engine/Content/EditorResources/S_Trigger.uexp" 274
"../../../Engine/Content/EditorResources/S_Trigger.ubulk" 275
"../../../Engine/Content/EditorResources/LightIcons/S_LightError.uasset" 276
"../../../Engine/Content/EditorResources/LightIcons/S_LightError.uexp" 277
"../../../Engine/Content/EditorResources/SequenceRecorder/Countdown.uasset" 278
"../../../Engine/Content/EditorResources/SequenceRecorder/Countdown.uexp" 279
"../../../Engine/Content/EditorResources/SequenceRecorder/RecordingIndicator.uasset" 280
"../../../Engine/Content/EditorResources/SequenceRecorder/RecordingIndicator.uexp" 281
"../../../Engine/Content/EngineDamageTypes/DmgTypeBP_Environmental.uasset" 282
"../../../Engine/Content/EngineDamageTypes/DmgTypeBP_Environmental.uexp" 283
"../../../Engine/Content/EngineDebugMaterials/DebugEditorMaterial.uasset" 284
"../../../Engine/Content/EngineDebugMaterials/DebugEditorMaterial.uexp" 285
"../../../Engine/Content/EngineDebugMaterials/DebugMeshMaterial.uasset" 286
"../../../Engine/Content/EngineDebugMaterials/DebugMeshMaterial.uexp" 287
"../../../Engine/Content/EngineDebugMaterials/M_SimpleUnlitTranslucent.uasset" 288
"../../../Engine/Content/EngineDebugMaterials/M_SimpleUnlitTranslucent.uexp" 289
"../../../Engine/Content/EngineDebugMaterials/VolumeToRender.uasset" 290
"../../../Engine/Content/EngineDebugMaterials/VolumeToRender.uexp" 291
"../../../Engine/Content/Functions/Engine_MaterialFunctions02/Utility/CameraDirectionVector.uasset" 292
"../../../Engine/Content/Functions/Engine_MaterialFunctions02/Utility/CameraDirectionVector.uexp" 293
"../../../Engine/Content/EngineDebugMaterials/M_VolumeRenderSphereTracePP.uasset" 294
"../../../Engine/Content/EngineDebugMaterials/M_VolumeRenderSphereTracePP.uexp" 295
"../../../Engine/Content/Functions/Engine_MaterialFunctions01/Shading/ConvertFromDiffSpec.uasset" 296
"../../../Engine/Content/Functions/Engine_MaterialFunctions01/Shading/ConvertFromDiffSpec.uexp" 297
"../../../Engine/Content/EngineDebugMaterials/VertexColorMaterial.uasset" 298
"../../../Engine/Content/EngineDebugMaterials/VertexColorMaterial.uexp" 299
"../../../Engine/Content/EngineDebugMaterials/WireframeMaterial.uasset" 300
"../../../Engine/Content/EngineDebugMaterials/WireframeMaterial.uexp" 301
"../../../Engine/Content/EngineFonts/Faces/RobotoRegular.uasset" 302
"../../../Engine/Content/EngineFonts/Faces/RobotoRegular.uexp" 303
"../../../Engine/Content/EngineFonts/Faces/RobotoRegular.ufont" 304
"../../../Engine/Content/EngineFonts/Faces/RobotoLight.uasset" 305
"../../../Engine/Content/EngineFonts/Faces/RobotoLight.uexp" 306
"../../../Engine/Content/EngineFonts/Faces/RobotoLight.ufont" 307
"../../../Engine/Content/EngineFonts/Faces/RobotoItalic.uasset" 308
"../../../Engine/Content/EngineFonts/Faces/RobotoItalic.uexp" 309
"../../../Engine/Content/EngineFonts/Faces/RobotoItalic.ufont" 310
"../../../Engine/Content/EngineFonts/Faces/RobotoBoldItalic.uasset" 311
"../../../Engine/Content/EngineFonts/Faces/RobotoBoldItalic.uexp" 312
"../../../Engine/Content/EngineFonts/Faces/RobotoBoldItalic.ufont" 313
"../../../Engine/Content/EngineFonts/Faces/RobotoBold.uasset" 314
"../../../Engine/Content/EngineFonts/Faces/RobotoBold.uexp" 315
"../../../Engine/Content/EngineFonts/Faces/RobotoBold.ufont" 316
"../../../Engine/Content/EngineFonts/Faces/DroidSansFallback.uasset" 317
"../../../Engine/Content/EngineFonts/Faces/DroidSansFallback.uexp" 318
"../../../Engine/Content/EngineFonts/Faces/DroidSansFallback.ufont" 319
"../../../Engine/Content/EngineFonts/Roboto.uasset" 320
"../../../Engine/Content/EngineFonts/Roboto.uexp" 321
"../../../Engine/Content/EngineMaterials/BaseFlattenNormalMap.uasset" 322
"../../../Engine/Content/EngineMaterials/BaseFlattenNormalMap.uexp" 323
"../../../Engine/Content/EngineMaterials/BaseFlattenGrayscaleMap.uasset" 324
"../../../Engine/Content/EngineMaterials/BaseFlattenGrayscaleMap.uexp" 325
"../../../Engine/Content/EngineMaterials/BaseFlattenEmissiveMap.uasset" 326
"../../../Engine/Content/EngineMaterials/BaseFlattenEmissiveMap.uexp" 327
"../../../Engine/Content/EngineMaterials/BaseFlattenDiffuseMap.uasset" 328
"../../../Engine/Content/EngineMaterials/BaseFlattenDiffuseMap.uexp" 329
"../../../Engine/Content/EngineMaterials/BaseFlattenMaterial.uasset" 330
"../../../Engine/Content/EngineMaterials/BaseFlattenMaterial.uexp" 331
"../../../Engine/Content/EngineMaterials/BlueNoise.uasset" 332
"../../../Engine/Content/EngineMaterials/BlueNoise.uexp" 333
"../../../Engine/Content/EngineMaterials/DefaultBloomKernel.uasset" 334
"../../../Engine/Content/EngineMaterials/DefaultBloomKernel.uexp" 335
"../../../Engine/Content/EngineMaterials/DefaultBokeh.uasset" 336
"../../../Engine/Content/EngineMaterials/DefaultBokeh.uexp" 337
"../../../Engine/Content/EngineMaterials/DefaultDiffuse.uasset" 338
"../../../Engine/Content/EngineMaterials/DefaultDiffuse.uexp" 339
"../../../Engine/Content/EngineMaterials/DefaultDiffuse.ubulk" 340
"../../../Engine/Content/EngineMaterials/DefaultDeferredDecalMaterial.uasset" 341
"../../../Engine/Content/EngineMaterials/DefaultDeferredDecalMaterial.uexp" 342
"../../../Engine/Content/EngineMaterials/DefaultLightFunctionMaterial.uasset" 343
"../../../Engine/Content/EngineMaterials/DefaultLightFunctionMaterial.uexp" 344
"../../../Engine/Content/EngineMaterials/DefaultPhysicalMaterial.uasset" 345
"../../../Engine/Content/EngineMaterials/DefaultPhysicalMaterial.uexp" 346
"../../../Engine/Content/Functions/Engine_MaterialFunctions02/Utility/BreakOutFloat2Components.uasset" 347
"../../../Engine/Content/Functions/Engine_MaterialFunctions02/Utility/BreakOutFloat2Components.uexp" 348
"../../../Engine/Content/EngineMaterials/DefaultPostProcessMaterial.uasset" 349
"../../../Engine/Content/EngineMaterials/DefaultPostProcessMaterial.uexp" 350
"../../../Engine/Content/EngineFonts/RobotoDistanceField.uasset" 351
"../../../Engine/Content/EngineFonts/RobotoDistanceField.uexp" 352
"../../../Engine/Content/EngineMaterials/DefaultTextMaterialOpaque.uasset" 353
"../../../Engine/Content/EngineMaterials/DefaultTextMaterialOpaque.uexp" 354
"../../../Engine/Content/EngineMaterials/DefaultWhiteGrid.uasset" 355
"../../../Engine/Content/EngineMaterials/DefaultWhiteGrid.uexp" 356
"../../../Engine/Content/EngineMaterials/DefaultWhiteGrid.ubulk" 357
"../../../Engine/Content/EngineMaterials/DefaultWhiteGrid_Low.uasset" 358
"../../../Engine/Content/EngineMaterials/DefaultWhiteGrid_Low.uexp" 359
"../../../Engine/Content/EngineMaterials/EmissiveMeshMaterial.uasset" 360
"../../../Engine/Content/EngineMaterials/EmissiveMeshMaterial.uexp" 361
"../../../Engine/Content/EngineMaterials/GizmoMaterial.uasset" 362
"../../../Engine/Content/EngineMaterials/GizmoMaterial.uexp" 363
"../../../Engine/Content/EngineMaterials/Good64x64TilingNoiseHighFreq.uasset" 364
"../../../Engine/Content/EngineMaterials/Good64x64TilingNoiseHighFreq.uexp" 365
"../../../Engine/Content/EngineMaterials/MiniFont.uasset" 366
"../../../Engine/Content/EngineMaterials/MiniFont.uexp" 367
"../../../Engine/Content/EngineMaterials/InvalidLightmapSettings.uasset" 368
"../../../Engine/Content/EngineMaterials/InvalidLightmapSettings.uexp" 369
"../../../Engine/Content/EngineMaterials/InvalidLightmapSettings.ubulk" 370
"../../../Engine/Content/EngineMaterials/M_InvalidLightmapSettings.uasset" 371
"../../../Engine/Content/EngineMaterials/M_InvalidLightmapSettings.uexp" 372
"../../../Engine/Content/Functions/Engine_MaterialFunctions02/WorldPositionOffset/CameraOffset.uasset" 373
"../../../Engine/Content/Functions/Engine_MaterialFunctions02/WorldPositionOffset/CameraOffset.uexp" 374
"../../../Engine/Content/EngineMaterials/PhAT_JointLimitMaterial.uasset" 375
"../../../Engine/Content/EngineMaterials/PhAT_JointLimitMaterial.uexp" 376
"../../../Engine/Content/EngineMaterials/DefaultCalibrationColor.uasset" 377
"../../../Engine/Content/EngineMaterials/DefaultCalibrationColor.uexp" 378
"../../../Engine/Content/EngineMaterials/PPM_DefaultCalibrationColor.uasset" 379
"../../../Engine/Content/EngineMaterials/PPM_DefaultCalibrationColor.uexp" 380
"../../../Engine/Content/EngineMaterials/DefaultCalibrationGrayscale.uasset" 381
"../../../Engine/Content/EngineMaterials/DefaultCalibrationGrayscale.uexp" 382
"../../../Engine/Content/EngineMaterials/PPM_DefaultCalibrationGrayscale.uasset" 383
"../../../Engine/Content/EngineMaterials/PPM_DefaultCalibrationGrayscale.uexp" 384
"../../../Engine/Content/EngineMaterials/PreintegratedSkinBRDF.uasset" 385
"../../../Engine/Content/EngineMaterials/PreintegratedSkinBRDF.uexp" 386
"../../../Engine/Content/EngineMaterials/RemoveSurfaceMaterial.uasset" 387
"../../../Engine/Content/EngineMaterials/RemoveSurfaceMaterial.uexp" 388
"../../../Engine/Content/EngineMaterials/WeightMapPlaceholderTexture.uasset" 389
"../../../Engine/Content/EngineMaterials/WeightMapPlaceholderTexture.uexp" 390
"../../../Engine/Content/EngineResources/WhiteSquareTexture.uasset" 391
"../../../Engine/Content/EngineResources/WhiteSquareTexture.uexp" 392
"../../../Engine/Content/EngineMaterials/Widget3DPassThrough.uasset" 393
"../../../Engine/Content/EngineMaterials/Widget3DPassThrough.uexp" 394
"../../../Engine/Content/EngineMaterials/Widget3DPassThrough_Masked.uasset" 395
"../../../Engine/Content/EngineMaterials/Widget3DPassThrough_Masked.uexp" 396
"../../../Engine/Content/EngineMaterials/Widget3DPassThrough_Opaque.uasset" 397
"../../../Engine/Content/EngineMaterials/Widget3DPassThrough_Opaque.uexp" 398
"../../../Engine/Content/EngineMaterials/Widget3DPassThrough_Masked_OneSided.uasset" 399
"../../../Engine/Content/EngineMaterials/Widget3DPassThrough_Masked_OneSided.uexp" 400
"../../../Engine/Content/EngineMaterials/Widget3DPassThrough_Opaque_OneSided.uasset" 401
"../../../Engine/Content/EngineMaterials/Widget3DPassThrough_Opaque_OneSided.uexp" 402
"../../../Engine/Content/EngineMaterials/Widget3DPassThrough_Translucent.uasset" 403
"../../../Engine/Content/EngineMaterials/Widget3DPassThrough_Translucent.uexp" 404
"../../../Engine/Content/EngineMaterials/Widget3DPassThrough_Translucent_OneSided.uasset" 405
"../../../Engine/Content/EngineMaterials/Widget3DPassThrough_Translucent_OneSided.uexp" 406
"../../../Engine/Content/EngineMeshes/Cube.uasset" 407
"../../../Engine/Content/EngineMeshes/Cube.uexp" 408
"../../../Engine/Content/EngineMeshes/Cylinder.uasset" 409
"../../../Engine/Content/EngineMeshes/Cylinder.uexp" 410
"../../../Engine/Content/EngineMeshes/Sphere.uasset" 411
"../../../Engine/Content/EngineMeshes/Sphere.uexp" 412
"../../../Engine/Content/EngineResources/DefaultTexture.uasset" 413
"../../../Engine/Content/EngineResources/DefaultTexture.uexp" 414
"../../../Engine/Content/EngineResources/DefaultTexture.ubulk" 415
"../../../Engine/Content/EngineResources/DefaultTextureCube.uasset" 416
"../../../Engine/Content/EngineResources/DefaultTextureCube.uexp" 417
"../../../Engine/Content/EngineResources/DefaultVolumeTexture2D.uasset" 418
"../../../Engine/Content/EngineResources/DefaultVolumeTexture2D.uexp" 419
"../../../Engine/Content/EngineResources/DefaultVolumeTexture.uasset" 420
"../../../Engine/Content/EngineResources/DefaultVolumeTexture.uexp" 421
"../../../Engine/Content/EngineResources/GradientTexture0.uasset" 422
"../../../Engine/Content/EngineResources/GradientTexture0.uexp" 423
"../../../Engine/Content/EngineSky/VolumetricClouds/T_NoiseShape64.uasset" 424
"../../../Engine/Content/EngineSky/VolumetricClouds/T_NoiseShape64.uexp" 425
"../../../Engine/Content/EngineSky/VolumetricClouds/T_NoiseShape64.ubulk" 426
"../../../Engine/Content/EngineSky/VolumetricClouds/T_VolumeNoiseShape64.uasset" 427
"../../../Engine/Content/EngineSky/VolumetricClouds/T_VolumeNoiseShape64.uexp" 428
"../../../Engine/Content/EngineSky/VolumetricClouds/T_NoiseErosion.uasset" 429
"../../../Engine/Content/EngineSky/VolumetricClouds/T_NoiseErosion.uexp" 430
"../../../Engine/Content/EngineSky/VolumetricClouds/T_NoiseErosion.ubulk" 431
"../../../Engine/Content/EngineSky/VolumetricClouds/T_VolumeNoiseErosion32.uasset" 432
"../../../Engine/Content/EngineSky/VolumetricClouds/T_VolumeNoiseErosion32.uexp" 433
"../../../Engine/Content/EngineSky/VolumetricClouds/CloudWeatherTexture.uasset" 434
"../../../Engine/Content/EngineSky/VolumetricClouds/CloudWeatherTexture.uexp" 435
"../../../Engine/Content/EngineSky/VolumetricClouds/CloudGradientTexture.uasset" 436
"../../../Engine/Content/EngineSky/VolumetricClouds/CloudGradientTexture.uexp" 437
"../../../Engine/Content/Functions/Engine_MaterialFunctions02/Utility/MakeFloat2.uasset" 438
"../../../Engine/Content/Functions/Engine_MaterialFunctions02/Utility/MakeFloat2.uexp" 439
"../../../Engine/Content/EngineSky/VolumetricClouds/m_SimpleVolumetricCloud.uasset" 440
"../../../Engine/Content/EngineSky/VolumetricClouds/m_SimpleVolumetricCloud.uexp" 441
"../../../Engine/Content/EngineSky/VolumetricClouds/m_SimpleVolumetricCloud_Inst.uasset" 442
"../../../Engine/Content/EngineSky/VolumetricClouds/m_SimpleVolumetricCloud_Inst.uexp" 443
"../../../Engine/Content/EngineSounds/Master.uasset" 444
"../../../Engine/Content/EngineSounds/Master.uexp" 445
"../../../Engine/Content/Functions/Engine_MaterialFunctions01/Shading/PowerToRoughness.uasset" 446
"../../../Engine/Content/Functions/Engine_MaterialFunctions01/Shading/PowerToRoughness.uexp" 447
"../../../Engine/Content/Maps/Templates/Thumbnails/Default.uasset" 448
"../../../Engine/Content/Maps/Templates/Thumbnails/Default.uexp" 449
"../../../Engine/Content/Maps/Templates/Thumbnails/TimeOfDay.uasset" 450
"../../../Engine/Content/Maps/Templates/Thumbnails/TimeOfDay.uexp" 451
"../../../Engine/Content/Maps/Templates/Thumbnails/VR-Basic.uasset" 452
"../../../Engine/Content/Maps/Templates/Thumbnails/VR-Basic.uexp" 453
"../../../Engine/Content/MobileResources/T_MobileControls_texture.uasset" 454
"../../../Engine/Content/MobileResources/T_MobileControls_texture.uexp" 455
"../../../Engine/Content/MobileResources/T_MobileMenu2.uasset" 456
"../../../Engine/Content/MobileResources/T_MobileMenu2.uexp" 457
"../../../Engine/Content/MobileResources/HUD/AnalogHat.uasset" 458
"../../../Engine/Content/MobileResources/HUD/AnalogHat.uexp" 459
"../../../Engine/Content/MobileResources/HUD/VirtualJoystick_Thumb.uasset" 460
"../../../Engine/Content/MobileResources/HUD/VirtualJoystick_Thumb.uexp" 461
"../../../Engine/Content/MobileResources/HUD/VirtualJoystick_Background.uasset" 462
"../../../Engine/Content/MobileResources/HUD/VirtualJoystick_Background.uexp" 463
"../../../Engine/Content/MobileResources/HUD/DefaultVirtualJoysticks.uasset" 464
"../../../Engine/Content/MobileResources/HUD/DefaultVirtualJoysticks.uexp" 465
"../../../Engine/Content/MobileResources/HUD/LeftVirtualJoystickOnly.uasset" 466
"../../../Engine/Content/MobileResources/HUD/LeftVirtualJoystickOnly.uexp" 467
"../../../Engine/Content/MobileResources/HUD/MobileHUDButton1_off.uasset" 468
"../../../Engine/Content/MobileResources/HUD/MobileHUDButton1_off.uexp" 469
"../../../Engine/Content/MobileResources/HUD/MobileHUDButton1_on.uasset" 470
"../../../Engine/Content/MobileResources/HUD/MobileHUDButton1_on.uexp" 471
"../../../Engine/Content/MobileResources/HUD/MobileHUDButton2_off.uasset" 472
"../../../Engine/Content/MobileResources/HUD/MobileHUDButton2_off.uexp" 473
"../../../Engine/Content/MobileResources/HUD/MobileHUDButton2_on.uasset" 474
"../../../Engine/Content/MobileResources/HUD/MobileHUDButton2_on.uexp" 475
"../../../Engine/Content/MobileResources/HUD/MobileHUDButton3.uasset" 476
"../../../Engine/Content/MobileResources/HUD/MobileHUDButton3.uexp" 477
"../../../Engine/Content/MobileResources/HUD/MobileHUDButtonFire.uasset" 478
"../../../Engine/Content/MobileResources/HUD/MobileHUDButtonFire.uexp" 479
"../../../Engine/Content/MobileResources/HUD/MobileHUDDirectionPad.uasset" 480
"../../../Engine/Content/MobileResources/HUD/MobileHUDDirectionPad.uexp" 481
"../../../Engine/Content/MobileResources/HUD/MobileHUDDirectionPad2.uasset" 482
"../../../Engine/Content/MobileResources/HUD/MobileHUDDirectionPad2.uexp" 483
"../../../Engine/Content/MobileResources/HUD/MobileHUDDirectionPad3.uasset" 484
"../../../Engine/Content/MobileResources/HUD/MobileHUDDirectionPad3.uexp" 485
"../../../Engine/Content/MobileResources/HUD/MobileHUDDirectionStick.uasset" 486
"../../../Engine/Content/MobileResources/HUD/MobileHUDDirectionStick.uexp" 487
"../../../Engine/Content/MobileResources/HUD/T_Castle_ThumbstickInner.uasset" 488
"../../../Engine/Content/MobileResources/HUD/T_Castle_ThumbstickInner.uexp" 489
"../../../Engine/Content/MobileResources/HUD/T_Castle_ThumbstickOutter.uasset" 490
"../../../Engine/Content/MobileResources/HUD/T_Castle_ThumbstickOutter.uexp" 491
"../../../Engine/Content/Tutorial/ContentIntroCurve.uasset" 492
"../../../Engine/Content/Tutorial/ContentIntroCurve.uexp" 493
"../../../Engine/Content/Tutorial/Basics/TutorialAssets/icon_tab_Levels_40x.uasset" 494
"../../../Engine/Content/Tutorial/Basics/TutorialAssets/icon_tab_Levels_40x.uexp" 495
"../../../Engine/Content/Tutorial/SubEditors/TutorialAssets/TutorialMaterial.uasset" 496
"../../../Engine/Content/Tutorial/SubEditors/TutorialAssets/TutorialMaterial.uexp" 497
"../../../Engine/Content/VREditor/TransformGizmo/TranslucentTransformGizmoMaterial.uasset" 498
"../../../Engine/Content/VREditor/TransformGizmo/TranslucentTransformGizmoMaterial.uexp" 499
"../../../Engine/Content/VREditor/LaserPointer/VR_LaserPower_01.uasset" 500
"../../../Engine/Content/VREditor/LaserPointer/VR_LaserPower_01.uexp" 501
"../../../Engine/Content/VREditor/LaserPointer/VR_LaserPower_01.ubulk" 502
"../../../Engine/Content/VREditor/TransformGizmo/TransformGizmoMaterial.uasset" 503
"../../../Engine/Content/VREditor/TransformGizmo/TransformGizmoMaterial.uexp" 504
"../../../Engine/Content/VREditor/TransformGizmo/BoundingBoxCorner.uasset" 505
"../../../Engine/Content/VREditor/TransformGizmo/BoundingBoxCorner.uexp" 506
"../../../Engine/Content/VREditor/TransformGizmo/BoundingBoxEdge.uasset" 507
"../../../Engine/Content/VREditor/TransformGizmo/BoundingBoxEdge.uexp" 508
"../../../Engine/Content/VREditor/TransformGizmo/PlaneTranslationHandle.uasset" 509
"../../../Engine/Content/VREditor/TransformGizmo/PlaneTranslationHandle.uexp" 510
"../../../Engine/Content/VREditor/TransformGizmo/Xray.uasset" 511
"../../../Engine/Content/VREditor/TransformGizmo/Xray.uexp" 512
"../../../Engine/Content/VREditor/TransformGizmo/Main.uasset" 513
"../../../Engine/Content/VREditor/TransformGizmo/Main.uexp" 514
"../../../Engine/Content/VREditor/TransformGizmo/SM_Sequencer_Key.uasset" 515
"../../../Engine/Content/VREditor/TransformGizmo/SM_Sequencer_Key.uexp" 516
"../../../Engine/Content/VREditor/TransformGizmo/SM_Sequencer_Node.uasset" 517
"../../../Engine/Content/VREditor/TransformGizmo/SM_Sequencer_Node.uexp" 518
"../../../Engine/Plugins/2D/Paper2D/Content/PlaceholderTextures/DummySpriteTexture.uasset" 519
"../../../Engine/Plugins/2D/Paper2D/Content/PlaceholderTextures/DummySpriteTexture.uexp" 520
"../../../Engine/Plugins/2D/Paper2D/Content/PlaceholderTextures/DummySpriteTexture.ubulk" 521
"../../../Engine/Plugins/2D/Paper2D/Content/DummySprite.uasset" 522
"../../../Engine/Plugins/2D/Paper2D/Content/DummySprite.uexp" 523
"../../../Engine/Plugins/2D/Paper2D/Content/DefaultPaperTerrainMaterial.uasset" 524
"../../../Engine/Plugins/2D/Paper2D/Content/DefaultPaperTerrainMaterial.uexp" 525
"../../../Engine/Plugins/2D/Paper2D/Content/DefaultSpriteMaterial.uasset" 526
"../../../Engine/Plugins/2D/Paper2D/Content/DefaultSpriteMaterial.uexp" 527
"../../../Engine/Plugins/2D/Paper2D/Content/MaskedUnlitSpriteMaterial.uasset" 528
"../../../Engine/Plugins/2D/Paper2D/Content/MaskedUnlitSpriteMaterial.uexp" 529
"../../../Engine/Plugins/2D/Paper2D/Content/OpaqueUnlitSpriteMaterial.uasset" 530
"../../../Engine/Plugins/2D/Paper2D/Content/OpaqueUnlitSpriteMaterial.uexp" 531
"../../../Engine/Content/Functions/Engine_MaterialFunctions02/Utility/VectorLength.uasset" 532
"../../../Engine/Content/Functions/Engine_MaterialFunctions02/Utility/VectorLength.uexp" 533
"../../../Engine/Content/Functions/Engine_MaterialFunctions02/ObjectLocalBounds.uasset" 534
"../../../Engine/Content/Functions/Engine_MaterialFunctions02/ObjectLocalBounds.uexp" 535
"../../../Engine/Content/Functions/Engine_MaterialFunctions02/WorldPositionOffset/ObjectScale.uasset" 536
"../../../Engine/Content/Functions/Engine_MaterialFunctions02/WorldPositionOffset/ObjectScale.uexp" 537
"../../../Engine/Content/Functions/Engine_MaterialFunctions02/Utility/BreakOutFloat3Components.uasset" 538
"../../../Engine/Content/Functions/Engine_MaterialFunctions02/Utility/BreakOutFloat3Components.uexp" 539
"../../../Engine/Plugins/Editor/SpeedTreeImporter/Content/SpeedTree9/UnpackInteger3.uasset" 540
"../../../Engine/Plugins/Editor/SpeedTreeImporter/Content/SpeedTree9/UnpackInteger3.uexp" 541
"../../../Engine/Plugins/Editor/SpeedTreeImporter/Content/SpeedTree9/UnpackDirection.uasset" 542
"../../../Engine/Plugins/Editor/SpeedTreeImporter/Content/SpeedTree9/UnpackDirection.uexp" 543
"../../../Engine/Plugins/Editor/SpeedTreeImporter/Content/SpeedTree9/game_wind_noise.uasset" 544
"../../../Engine/Plugins/Editor/SpeedTreeImporter/Content/SpeedTree9/game_wind_noise.uexp" 545
"../../../Engine/Plugins/Editor/SpeedTreeImporter/Content/SpeedTree9/game_wind_noise.ubulk" 546
"../../../Engine/Content/Functions/Engine_MaterialFunctions02/SafeNormalize.uasset" 547
"../../../Engine/Content/Functions/Engine_MaterialFunctions02/SafeNormalize.uexp" 548
"../../../Engine/Plugins/Editor/SpeedTreeImporter/Content/SpeedTree9/SpeedTreeWindMotion.uasset" 549
"../../../Engine/Plugins/Editor/SpeedTreeImporter/Content/SpeedTree9/SpeedTreeWindMotion.uexp" 550
"../../../Engine/Plugins/Editor/SpeedTreeImporter/Content/SpeedTree9/SpeedTreeBranchMotion.uasset" 551
"../../../Engine/Plugins/Editor/SpeedTreeImporter/Content/SpeedTree9/SpeedTreeBranchMotion.uexp" 552
"../../../Engine/Content/Functions/Engine_MaterialFunctions02/UVs/BoundingBoxBased_0-1_UVW.uasset" 553
"../../../Engine/Content/Functions/Engine_MaterialFunctions02/UVs/BoundingBoxBased_0-1_UVW.uexp" 554
"../../../Engine/Plugins/Editor/SpeedTreeImporter/Content/SpeedTree9/SpeedTreeWind.uasset" 555
"../../../Engine/Plugins/Editor/SpeedTreeImporter/Content/SpeedTree9/SpeedTreeWind.uexp" 556
"../../../Engine/Plugins/Editor/SpeedTreeImporter/Content/SpeedTree9/SpeedTreeBillboard.uasset" 557
"../../../Engine/Plugins/Editor/SpeedTreeImporter/Content/SpeedTree9/SpeedTreeBillboard.uexp" 558
"../../../Engine/Plugins/Editor/SpeedTreeImporter/Content/SpeedTree9/EmptyNormal.uasset" 559
"../../../Engine/Plugins/Editor/SpeedTreeImporter/Content/SpeedTree9/EmptyNormal.uexp" 560
"../../../Engine/Plugins/Editor/SpeedTreeImporter/Content/SpeedTree9/Empty.uasset" 561
"../../../Engine/Plugins/Editor/SpeedTreeImporter/Content/SpeedTree9/Empty.uexp" 562
"../../../Engine/Plugins/Editor/SpeedTreeImporter/Content/SpeedTree9/SpeedTreeBillboardMaster.uasset" 563
"../../../Engine/Plugins/Editor/SpeedTreeImporter/Content/SpeedTree9/SpeedTreeBillboardMaster.uexp" 564
"../../../Engine/Plugins/Editor/SpeedTreeImporter/Content/SpeedTree9/SpeedTreeCameraFacing.uasset" 565
"../../../Engine/Plugins/Editor/SpeedTreeImporter/Content/SpeedTree9/SpeedTreeCameraFacing.uexp" 566
"../../../Engine/Plugins/Editor/SpeedTreeImporter/Content/SpeedTree9/SpeedTreeMaster.uasset" 567
"../../../Engine/Plugins/Editor/SpeedTreeImporter/Content/SpeedTree9/SpeedTreeMaster.uexp" 568
"../../../Engine/Content/ArtTools/RenderToTexture/Materials/Debug/M_Emissive_Color.uasset" 569
"../../../Engine/Content/ArtTools/RenderToTexture/Materials/Debug/M_Emissive_Color.uexp" 570
"../../../Engine/Content/BasicShapes/Cylinder.uasset" 571
"../../../Engine/Content/BasicShapes/Cylinder.uexp" 572
"../../../Engine/Plugins/Lumin/MagicLeapPassableWorld/Content/MagicLeapARPinInfoActor.uasset" 573
"../../../Engine/Plugins/Lumin/MagicLeapPassableWorld/Content/MagicLeapARPinInfoActor.uexp" 574
"../../../Engine/Plugins/Runtime/OpenXR/Content/Devices/GoogleDaydream/MRTexture.uasset" 575
"../../../Engine/Plugins/Runtime/OpenXR/Content/Devices/GoogleDaydream/MRTexture.uexp" 576
"../../../Engine/Plugins/Runtime/OpenXR/Content/Devices/GoogleDaydream/MRTexture.ubulk" 577
"../../../Engine/Plugins/Runtime/OpenXR/Content/Devices/GoogleDaydream/BaseTexture.uasset" 578
"../../../Engine/Plugins/Runtime/OpenXR/Content/Devices/GoogleDaydream/BaseTexture.uexp" 579
"../../../Engine/Plugins/Runtime/OpenXR/Content/Devices/GoogleDaydream/BaseTexture.ubulk" 580
"../../../Engine/Content/EngineResources/Black.uasset" 581
"../../../Engine/Content/EngineResources/Black.uexp" 582
"../../../Engine/Plugins/Runtime/OpenXR/Content/Devices/M_XRController.uasset" 583
"../../../Engine/Plugins/Runtime/OpenXR/Content/Devices/M_XRController.uexp" 584
"../../../Engine/Plugins/Runtime/OpenXR/Content/Devices/GoogleDaydream/MI_GoogleDaydream.uasset" 585
"../../../Engine/Plugins/Runtime/OpenXR/Content/Devices/GoogleDaydream/MI_GoogleDaydream.uexp" 586
"../../../Engine/Plugins/Runtime/OpenXR/Content/Devices/GoogleDaydream/GoogleDaydreamController.uasset" 587
"../../../Engine/Plugins/Runtime/OpenXR/Content/Devices/GoogleDaydream/GoogleDaydreamController.uexp" 588
"../../../Engine/Plugins/Runtime/OpenXR/Content/Devices/HTCVive/BaseTexture.uasset" 589
"../../../Engine/Plugins/Runtime/OpenXR/Content/Devices/HTCVive/BaseTexture.uexp" 590
"../../../Engine/Plugins/Runtime/OpenXR/Content/Devices/HTCVive/BaseTexture.ubulk" 591
"../../../Engine/Plugins/Runtime/OpenXR/Content/Devices/HTCVive/MI_HTCVive.uasset" 592
"../../../Engine/Plugins/Runtime/OpenXR/Content/Devices/HTCVive/MI_HTCVive.uexp" 593
"../../../Engine/Plugins/Runtime/OpenXR/Content/Devices/HTCVive/HTCViveController.uasset" 594
"../../../Engine/Plugins/Runtime/OpenXR/Content/Devices/HTCVive/HTCViveController.uexp" 595
"../../../Engine/Plugins/Runtime/OpenXR/Content/Devices/MicrosoftMixedReality/NormalTexture.uasset" 596
"../../../Engine/Plugins/Runtime/OpenXR/Content/Devices/MicrosoftMixedReality/NormalTexture.uexp" 597
"../../../Engine/Plugins/Runtime/OpenXR/Content/Devices/MicrosoftMixedReality/NormalTexture.ubulk" 598
"../../../Engine/Plugins/Runtime/OpenXR/Content/Devices/MicrosoftMixedReality/MRTexture.uasset" 599
"../../../Engine/Plugins/Runtime/OpenXR/Content/Devices/MicrosoftMixedReality/MRTexture.uexp" 600
"../../../Engine/Plugins/Runtime/OpenXR/Content/Devices/MicrosoftMixedReality/MRTexture.ubulk" 601
"../../../Engine/Plugins/Runtime/OpenXR/Content/Devices/MicrosoftMixedReality/EmissiveTexture.uasset" 602
"../../../Engine/Plugins/Runtime/OpenXR/Content/Devices/MicrosoftMixedReality/EmissiveTexture.uexp" 603
"../../../Engine/Plugins/Runtime/OpenXR/Content/Devices/MicrosoftMixedReality/EmissiveTexture.ubulk" 604
"../../../Engine/Plugins/Runtime/OpenXR/Content/Devices/MicrosoftMixedReality/BaseTexture.uasset" 605
"../../../Engine/Plugins/Runtime/OpenXR/Content/Devices/MicrosoftMixedReality/BaseTexture.uexp" 606
"../../../Engine/Plugins/Runtime/OpenXR/Content/Devices/MicrosoftMixedReality/BaseTexture.ubulk" 607
"../../../Engine/Plugins/Runtime/OpenXR/Content/Devices/MicrosoftMixedReality/MI_MicrosoftMixedReality.uasset" 608
"../../../Engine/Plugins/Runtime/OpenXR/Content/Devices/MicrosoftMixedReality/MI_MicrosoftMixedReality.uexp" 609
"../../../Engine/Plugins/Runtime/OpenXR/Content/Devices/MicrosoftMixedReality/Left/left_MicrosoftMixedRealityController.uasset" 610
"../../../Engine/Plugins/Runtime/OpenXR/Content/Devices/MicrosoftMixedReality/Left/left_MicrosoftMixedRealityController.uexp" 611
"../../../Engine/Plugins/Runtime/OpenXR/Content/Devices/MicrosoftMixedReality/Right/right_MicrosoftMixedRealityController.uasset" 612
"../../../Engine/Plugins/Runtime/OpenXR/Content/Devices/MicrosoftMixedReality/Right/right_MicrosoftMixedRealityController.uexp" 613
"../../../Engine/Plugins/Runtime/OpenXR/Content/Devices/OculusGo/BaseTexture.uasset" 614
"../../../Engine/Plugins/Runtime/OpenXR/Content/Devices/OculusGo/BaseTexture.uexp" 615
"../../../Engine/Plugins/Runtime/OpenXR/Content/Devices/OculusGo/BaseTexture.ubulk" 616
"../../../Engine/Plugins/Runtime/OpenXR/Content/Devices/OculusGo/MI_OculusGo.uasset" 617
"../../../Engine/Plugins/Runtime/OpenXR/Content/Devices/OculusGo/MI_OculusGo.uexp" 618
"../../../Engine/Plugins/Runtime/OpenXR/Content/Devices/OculusGo/OculusGoController.uasset" 619
"../../../Engine/Plugins/Runtime/OpenXR/Content/Devices/OculusGo/OculusGoController.uexp" 620
"../../../Engine/Plugins/Runtime/OpenXR/Content/Devices/OculusTouch/MRTexture.uasset" 621
"../../../Engine/Plugins/Runtime/OpenXR/Content/Devices/OculusTouch/MRTexture.uexp" 622
"../../../Engine/Plugins/Runtime/OpenXR/Content/Devices/OculusTouch/MRTexture.ubulk" 623
"../../../Engine/Plugins/Runtime/OpenXR/Content/Devices/OculusTouch/BaseTexture.uasset" 624
"../../../Engine/Plugins/Runtime/OpenXR/Content/Devices/OculusTouch/BaseTexture.uexp" 625
"../../../Engine/Plugins/Runtime/OpenXR/Content/Devices/OculusTouch/BaseTexture.ubulk" 626
"../../../Engine/Plugins/Runtime/OpenXR/Content/Devices/OculusTouch/MI_OculusTouch.uasset" 627
"../../../Engine/Plugins/Runtime/OpenXR/Content/Devices/OculusTouch/MI_OculusTouch.uexp" 628
"../../../Engine/Plugins/Runtime/OpenXR/Content/Devices/OculusTouch/Left/left_OculusTouchController.uasset" 629
"../../../Engine/Plugins/Runtime/OpenXR/Content/Devices/OculusTouch/Left/left_OculusTouchController.uexp" 630
"../../../Engine/Plugins/Runtime/OpenXR/Content/Devices/OculusTouch/Right/right_OculusTouchController.uasset" 631
"../../../Engine/Plugins/Runtime/OpenXR/Content/Devices/OculusTouch/Right/right_OculusTouchController.uexp" 632
"../../../Engine/Plugins/Runtime/OpenXR/Content/Devices/OculusTouch_v2/MRTexture.uasset" 633
"../../../Engine/Plugins/Runtime/OpenXR/Content/Devices/OculusTouch_v2/MRTexture.uexp" 634
"../../../Engine/Plugins/Runtime/OpenXR/Content/Devices/OculusTouch_v2/MRTexture.ubulk" 635
"../../../Engine/Plugins/Runtime/OpenXR/Content/Devices/OculusTouch_v2/BaseTexture.uasset" 636
"../../../Engine/Plugins/Runtime/OpenXR/Content/Devices/OculusTouch_v2/BaseTexture.uexp" 637
"../../../Engine/Plugins/Runtime/OpenXR/Content/Devices/OculusTouch_v2/BaseTexture.ubulk" 638
"../../../Engine/Plugins/Runtime/OpenXR/Content/Devices/OculusTouch_v2/MI_OculusTouch_v2.uasset" 639
"../../../Engine/Plugins/Runtime/OpenXR/Content/Devices/OculusTouch_v2/MI_OculusTouch_v2.uexp" 640
"../../../Engine/Plugins/Runtime/OpenXR/Content/Devices/OculusTouch_v2/Left/left_OculusTouch_v2Controller.uasset" 641
"../../../Engine/Plugins/Runtime/OpenXR/Content/Devices/OculusTouch_v2/Left/left_OculusTouch_v2Controller.uexp" 642
"../../../Engine/Plugins/Runtime/OpenXR/Content/Devices/OculusTouch_v2/Right/right_OculusTouch_v2Controller.uasset" 643
"../../../Engine/Plugins/Runtime/OpenXR/Content/Devices/OculusTouch_v2/Right/right_OculusTouch_v2Controller.uexp" 644
"../../../Engine/Plugins/Runtime/OpenXR/Content/Devices/OculusTouch_v3/MRTexture.uasset" 645
"../../../Engine/Plugins/Runtime/OpenXR/Content/Devices/OculusTouch_v3/MRTexture.uexp" 646
"../../../Engine/Plugins/Runtime/OpenXR/Content/Devices/OculusTouch_v3/MRTexture.ubulk" 647
"../../../Engine/Plugins/Runtime/OpenXR/Content/Devices/OculusTouch_v3/BaseTexture.uasset" 648
"../../../Engine/Plugins/Runtime/OpenXR/Content/Devices/OculusTouch_v3/BaseTexture.uexp" 649
"../../../Engine/Plugins/Runtime/OpenXR/Content/Devices/OculusTouch_v3/BaseTexture.ubulk" 650
"../../../Engine/Plugins/Runtime/OpenXR/Content/Devices/OculusTouch_v3/MI_OculusTouch_v3.uasset" 651
"../../../Engine/Plugins/Runtime/OpenXR/Content/Devices/OculusTouch_v3/MI_OculusTouch_v3.uexp" 652
"../../../Engine/Plugins/Runtime/OpenXR/Content/Devices/OculusTouch_v3/Left/left_OculusTouch_v3Controller.uasset" 653
"../../../Engine/Plugins/Runtime/OpenXR/Content/Devices/OculusTouch_v3/Left/left_OculusTouch_v3Controller.uexp" 654
"../../../Engine/Plugins/Runtime/OpenXR/Content/Devices/OculusTouch_v3/Right/right_OculusTouch_v3Controller.uasset" 655
"../../../Engine/Plugins/Runtime/OpenXR/Content/Devices/OculusTouch_v3/Right/right_OculusTouch_v3Controller.uexp" 656
"../../../Engine/Plugins/Runtime/OpenXR/Content/Devices/ValveIndex/MRTexture.uasset" 657
"../../../Engine/Plugins/Runtime/OpenXR/Content/Devices/ValveIndex/MRTexture.uexp" 658
"../../../Engine/Plugins/Runtime/OpenXR/Content/Devices/ValveIndex/MRTexture.ubulk" 659
"../../../Engine/Plugins/Runtime/OpenXR/Content/Devices/ValveIndex/BaseTexture.uasset" 660
"../../../Engine/Plugins/Runtime/OpenXR/Content/Devices/ValveIndex/BaseTexture.uexp" 661
"../../../Engine/Plugins/Runtime/OpenXR/Content/Devices/ValveIndex/BaseTexture.ubulk" 662
"../../../Engine/Plugins/Runtime/OpenXR/Content/Devices/ValveIndex/Left/MI_left_ValveIndex.uasset" 663
"../../../Engine/Plugins/Runtime/OpenXR/Content/Devices/ValveIndex/Left/MI_left_ValveIndex.uexp" 664
"../../../Engine/Plugins/Runtime/OpenXR/Content/Devices/ValveIndex/Left/left_ValveIndexController.uasset" 665
"../../../Engine/Plugins/Runtime/OpenXR/Content/Devices/ValveIndex/Left/left_ValveIndexController.uexp" 666
"../../../Engine/Plugins/Runtime/OpenXR/Content/Devices/ValveIndex/Right/MI_right_ValveIndex.uasset" 667
"../../../Engine/Plugins/Runtime/OpenXR/Content/Devices/ValveIndex/Right/MI_right_ValveIndex.uexp" 668
"../../../Engine/Plugins/Runtime/OpenXR/Content/Devices/ValveIndex/Right/right_ValveIndexController.uasset" 669
"../../../Engine/Plugins/Runtime/OpenXR/Content/Devices/ValveIndex/Right/right_ValveIndexController.uexp" 670
"../../../Engine/Content/Functions/Engine_MaterialFunctions02/Utility/BreakOutFloat4Components.uasset" 671
"../../../Engine/Content/Functions/Engine_MaterialFunctions02/Utility/BreakOutFloat4Components.uexp" 672
"../../../Engine/Content/Functions/Engine_MaterialFunctions02/Utility/MakeFloat3.uasset" 673
"../../../Engine/Content/Functions/Engine_MaterialFunctions02/Utility/MakeFloat3.uexp" 674
"../../../Engine/Plugins/Runtime/Oculus/OculusVR/Content/Materials/OculusMR_ChromaKey.uasset" 675
"../../../Engine/Plugins/Runtime/Oculus/OculusVR/Content/Materials/OculusMR_ChromaKey.uexp" 676
"../../../Engine/Plugins/Runtime/Oculus/OculusVR/Content/Materials/OculusMR_OpaqueColoredMaterial.uasset" 677
"../../../Engine/Plugins/Runtime/Oculus/OculusVR/Content/Materials/OculusMR_OpaqueColoredMaterial.uexp" 678
"../../../Engine/Plugins/Runtime/Oculus/OculusVR/Content/Materials/PokeAHoleMaterial.uasset" 679
"../../../Engine/Plugins/Runtime/Oculus/OculusVR/Content/Materials/PokeAHoleMaterial.uexp" 680
"../../../Engine/Plugins/Runtime/Oculus/OculusVR/Content/Textures/touchController_controlmap.uasset" 681
"../../../Engine/Plugins/Runtime/Oculus/OculusVR/Content/Textures/touchController_controlmap.uexp" 682
"../../../Engine/Plugins/Runtime/Oculus/OculusVR/Content/Textures/touchController_controlmap.ubulk" 683
"../../../Engine/Plugins/Runtime/Oculus/OculusVR/Content/Textures/touchController_albedo.uasset" 684
"../../../Engine/Plugins/Runtime/Oculus/OculusVR/Content/Textures/touchController_albedo.uexp" 685
"../../../Engine/Plugins/Runtime/Oculus/OculusVR/Content/Textures/touchController_albedo.ubulk" 686
"../../../Engine/Plugins/Runtime/Oculus/OculusVR/Content/Materials/touchController_mat.uasset" 687
"../../../Engine/Plugins/Runtime/Oculus/OculusVR/Content/Materials/touchController_mat.uexp" 688
"../../../Engine/Plugins/Runtime/Oculus/OculusVR/Content/Meshes/LeftTouchController.uasset" 689
"../../../Engine/Plugins/Runtime/Oculus/OculusVR/Content/Meshes/LeftTouchController.uexp" 690
"../../../Engine/Plugins/Runtime/Oculus/OculusVR/Content/Textures/TouchForQuestRiftSController_albedo.uasset" 691
"../../../Engine/Plugins/Runtime/Oculus/OculusVR/Content/Textures/TouchForQuestRiftSController_albedo.uexp" 692
"../../../Engine/Plugins/Runtime/Oculus/OculusVR/Content/Textures/TouchForQuestRiftSController_albedo.ubulk" 693
"../../../Engine/Plugins/Runtime/Oculus/OculusVR/Content/Materials/TouchForQuestRiftSControllerMaterial.uasset" 694
"../../../Engine/Plugins/Runtime/Oculus/OculusVR/Content/Materials/TouchForQuestRiftSControllerMaterial.uexp" 695
"../../../Engine/Plugins/Runtime/Oculus/OculusVR/Content/Meshes/LeftTouchForQuestRiftSController.uasset" 696
"../../../Engine/Plugins/Runtime/Oculus/OculusVR/Content/Meshes/LeftTouchForQuestRiftSController.uexp" 697
"../../../Engine/Plugins/Runtime/Oculus/OculusVR/Content/Meshes/RiftHMD.uasset" 698
"../../../Engine/Plugins/Runtime/Oculus/OculusVR/Content/Meshes/RiftHMD.uexp" 699
"../../../Engine/Plugins/Runtime/Oculus/OculusVR/Content/Meshes/RightTouchController.uasset" 700
"../../../Engine/Plugins/Runtime/Oculus/OculusVR/Content/Meshes/RightTouchController.uexp" 701
"../../../Engine/Plugins/Runtime/Oculus/OculusVR/Content/Meshes/RightTouchForQuestRiftSController.uasset" 702
"../../../Engine/Plugins/Runtime/Oculus/OculusVR/Content/Meshes/RightTouchForQuestRiftSController.uexp" 703
"C:/Users/asus/Documents/Unreal Projects/project_tabletop/Content/TopDownBP/Blueprints/MainMenuBlueprints/HUD_MainMenuWidget.uasset" 704
"C:/Users/asus/Documents/Unreal Projects/project_tabletop/Content/TopDownBP/Blueprints/MainMenuBlueprints/HUD_MainMenuWidget.uexp" 705
"C:/Users/asus/Documents/Unreal Projects/project_tabletop/Content/TopDownBP/Blueprints/MainMenuBlueprints/BP_MainMenuPawn.uasset" 706
"C:/Users/asus/Documents/Unreal Projects/project_tabletop/Content/TopDownBP/Blueprints/MainMenuBlueprints/BP_MainMenuPawn.uexp" 707
"C:/Users/asus/Documents/Unreal Projects/project_tabletop/Content/TopDownBP/Blueprints/MainMenuBlueprints/BP_MainMenuController.uasset" 708
"C:/Users/asus/Documents/Unreal Projects/project_tabletop/Content/TopDownBP/Blueprints/MainMenuBlueprints/BP_MainMenuController.uexp" 709
"C:/Users/asus/Documents/Unreal Projects/project_tabletop/Content/TopDownBP/Blueprints/MainMenuBlueprints/BP_MainMenuGM.uasset" 710
"C:/Users/asus/Documents/Unreal Projects/project_tabletop/Content/TopDownBP/Blueprints/MainMenuBlueprints/BP_MainMenuGM.uexp" 711
"C:/Users/asus/Documents/Unreal Projects/project_tabletop/Content/TopDownBP/Maps/MainMenuMap_BuiltData.uasset" 712
"C:/Users/asus/Documents/Unreal Projects/project_tabletop/Content/TopDownBP/Maps/MainMenuMap_BuiltData.uexp" 713
"C:/Users/asus/Documents/Unreal Projects/project_tabletop/Content/TopDownBP/Maps/MainMenuMap_BuiltData.ubulk" 714
"C:/Users/asus/Documents/Unreal Projects/project_tabletop/Content/TopDownBP/Maps/MainMenuMap.uexp" 715
"C:/Users/asus/Documents/Unreal Projects/project_tabletop/Content/TopDownBP/Maps/MainMenuMap.umap" 716
"../../../Engine/Content/EngineSky/T_Sky_Stars.uasset" 717
"../../../Engine/Content/EngineSky/T_Sky_Stars.uexp" 718
"../../../Engine/Content/EngineSky/T_Sky_Stars.ubulk" 719
"../../../Engine/Content/EngineSky/T_Sky_Clouds_M.uasset" 720
"../../../Engine/Content/EngineSky/T_Sky_Clouds_M.uexp" 721
"../../../Engine/Content/EngineSky/T_Sky_Clouds_M.ubulk" 722
"../../../Engine/Content/EngineSky/T_Sky_Blue.uasset" 723
"../../../Engine/Content/EngineSky/T_Sky_Blue.uexp" 724
"../../../Engine/Content/EngineSky/T_Sky_Blue.ubulk" 725
"../../../Engine/Content/EngineSky/M_Sky_Panning_Clouds2.uasset" 726
"../../../Engine/Content/EngineSky/M_Sky_Panning_Clouds2.uexp" 727
"C:/Users/asus/Documents/Unreal Projects/project_tabletop/Content/TopDownBP/Maps/TopDownExampleMap_BuiltData.uasset" 728
"C:/Users/asus/Documents/Unreal Projects/project_tabletop/Content/TopDownBP/Maps/TopDownExampleMap_BuiltData.uexp" 729
"C:/Users/asus/Documents/Unreal Projects/project_tabletop/Content/TopDownBP/Maps/TopDownExampleMap_BuiltData.ubulk" 730
"../../../Engine/Content/EngineSky/SM_SkySphere.uasset" 731
"../../../Engine/Content/EngineSky/SM_SkySphere.uexp" 732
"../../../Engine/Content/EngineSky/C_Sky_Zenith_Color.uasset" 733
"../../../Engine/Content/EngineSky/C_Sky_Zenith_Color.uexp" 734
"../../../Engine/Content/EngineSky/C_Sky_Horizon_Color.uasset" 735
"../../../Engine/Content/EngineSky/C_Sky_Horizon_Color.uexp" 736
"../../../Engine/Content/EngineSky/C_Sky_Cloud_Color.uasset" 737
"../../../Engine/Content/EngineSky/C_Sky_Cloud_Color.uexp" 738
"../../../Engine/Content/EngineSky/BP_Sky_Sphere.uasset" 739
"../../../Engine/Content/EngineSky/BP_Sky_Sphere.uexp" 740
"C:/Users/asus/Documents/Unreal Projects/project_tabletop/Content/TopDownBP/Maps/TopDownExampleMap.uexp" 741
"C:/Users/asus/Documents/Unreal Projects/project_tabletop/Content/TopDownBP/Maps/TopDownExampleMap.umap" 742
"../../../Engine/Content/Maps/Entry_BuiltData.uasset" 743
"../../../Engine/Content/Maps/Entry_BuiltData.uexp" 744
"../../../Engine/Content/Maps/Entry.uexp" 745
"../../../Engine/Content/Maps/Entry.umap" 746
